timestamp: 2023-05-10T19:06:35.725140
CREATE TABLE "py4web_session"(
    "id" INTEGER PRIMARY KEY AUTOINCREMENT,
    "rkey" CHAR(512),
    "rvalue" TEXT,
    "expiration" INTEGER,
    "created_on" TIMESTAMP,
    "expires_on" TIMESTAMP
);
success!
timestamp: 2023-05-10T19:06:35.747138
CREATE TABLE "auth_user"(
    "id" INTEGER PRIMARY KEY AUTOINCREMENT,
    "username" CHAR(512) UNIQUE,
    "email" CHAR(512) UNIQUE,
    "password" CHAR(512),
    "first_name" CHAR(512),
    "last_name" CHAR(512),
    "sso_id" CHAR(512),
    "action_token" CHAR(512),
    "last_password_change" TIMESTAMP,
    "past_passwords_hash" TEXT
);
success!
timestamp: 2023-05-10T19:06:35.760139
CREATE TABLE "auth_user_tag_groups"(
    "id" INTEGER PRIMARY KEY AUTOINCREMENT,
    "tagpath" CHAR(512),
    "record_id" INTEGER REFERENCES "auth_user" ("id") ON DELETE CASCADE ON UPDATE CASCADE  
);
success!
timestamp: 2023-05-18T18:56:47.248767
CREATE TABLE "follow"(
    "id" INTEGER PRIMARY KEY AUTOINCREMENT,
    "created_by" INTEGER REFERENCES "auth_user" ("id") ON DELETE CASCADE ON UPDATE CASCADE  ,
    "following" INTEGER REFERENCES "auth_user" ("id") ON DELETE CASCADE ON UPDATE CASCADE  
);
success!
timestamp: 2023-05-19T05:45:45.245291
CREATE TABLE "meow"(
    "id" INTEGER PRIMARY KEY AUTOINCREMENT,
    "author" CHAR(512),
    "timestamp" TIMESTAMP,
    "content" TEXT
);
success!
success!
success!
success!
success!
success!
timestamp: 2023-05-19T06:53:27.454678
ALTER TABLE "meow" ADD "datetime" TIMESTAMP;
success!
success!
success!
success!
success!
success!
success!
success!
success!
success!
success!
timestamp: 2023-05-19T08:33:25.240255
CREATE TABLE "reply"(
    "id" INTEGER PRIMARY KEY AUTOINCREMENT,
    "source" INTEGER REFERENCES "meow" ("id") ON DELETE CASCADE ON UPDATE CASCADE  ,
    "reply" INTEGER REFERENCES "meow" ("id") ON DELETE CASCADE ON UPDATE CASCADE  
);
success!
success!
success!
success!
success!
success!
success!
success!
success!
success!
success!
success!
success!
success!
success!
success!
success!
success!
success!
success!
success!
success!
success!
success!
success!
success!
success!
success!
success!
success!
success!
success!
success!
success!
success!
success!
success!
success!
success!
success!
success!
success!
success!
success!
success!
success!
success!
success!
success!
success!
success!
success!
success!
success!
success!
success!
success!
success!
success!
success!
success!
success!
success!
success!
success!
success!
success!
success!
success!
success!
success!
success!
success!
success!
success!
success!
success!
success!
success!
success!
success!
success!
success!
success!
success!
success!
success!
success!
success!
success!
success!
success!
success!
success!
success!
success!
success!
success!
success!
success!
success!
success!
success!
success!
success!
success!
timestamp: 2023-05-26T16:55:07.774758
ALTER TABLE "follow" ADD "find_follow" INTEGER REFERENCES "auth_user" ("id") ON DELETE CASCADE ON UPDATE CASCADE  ;
success!
success!
success!
success!
success!
success!
success!
success!
timestamp: 2023-05-26T17:07:44.286328
ALTER TABLE "follow" ADD "username" INTEGER REFERENCES "auth_user" ("id") ON DELETE CASCADE ON UPDATE CASCADE  ;
success!
success!
success!
success!
success!
success!
success!
success!
success!
success!
success!
success!
success!
success!
timestamp: 2023-05-26T17:17:44.668316
ALTER TABLE "reply" ADD "findmain" INTEGER REFERENCES "meow" ("id") ON DELETE CASCADE ON UPDATE CASCADE  ;
success!
success!
success!
success!
success!
success!
success!
success!
success!
success!
success!
success!
success!
success!
success!
success!
success!
success!
success!
success!
success!
success!
success!
success!
success!
success!
success!
success!
success!
success!
success!
success!
success!
success!
success!
success!
success!
success!
success!
success!
success!
success!
success!
success!
success!
success!
success!
success!
success!
success!
success!
success!
success!
success!
success!
success!
success!
success!
success!
success!
success!
success!
success!
success!
success!
success!
success!
success!
success!
success!
success!
success!
timestamp: 2023-05-26T18:16:32.980798
CREATE TABLE "findNextResponse"(
    "id" INTEGER PRIMARY KEY AUTOINCREMENT,
    "findmain" INTEGER REFERENCES "meow" ("id") ON DELETE CASCADE ON UPDATE CASCADE  ,
    "findnextresponse" INTEGER REFERENCES "meow" ("id") ON DELETE CASCADE ON UPDATE CASCADE  
);
success!
timestamp: 2023-05-26T18:18:13.580703
CREATE TABLE "checkingNextFollow"(
    "id" INTEGER PRIMARY KEY AUTOINCREMENT,
    "created_by" INTEGER REFERENCES "auth_user" ("id") ON DELETE CASCADE ON UPDATE CASCADE  ,
    "following" INTEGER REFERENCES "auth_user" ("id") ON DELETE CASCADE ON UPDATE CASCADE  
);
success!
success!
success!
success!
success!
success!
success!
success!
success!
success!
success!
success!
success!
success!
success!
success!
success!
