timestamp: 2023-05-04T22:38:44.649185
CREATE TABLE "py4web_session"(
    "id" INTEGER PRIMARY KEY AUTOINCREMENT,
    "rkey" CHAR(512),
    "rvalue" TEXT,
    "expiration" INTEGER,
    "created_on" TIMESTAMP,
    "expires_on" TIMESTAMP
);
success!
timestamp: 2023-05-04T22:38:44.711773
CREATE TABLE "auth_user"(
    "id" INTEGER PRIMARY KEY AUTOINCREMENT,
    "email" CHAR(512) UNIQUE,
    "password" CHAR(512),
    "first_name" CHAR(512),
    "last_name" CHAR(512),
    "sso_id" CHAR(512),
    "action_token" CHAR(512),
    "last_password_change" TIMESTAMP,
    "past_passwords_hash" TEXT
);
success!
timestamp: 2023-05-04T22:38:44.718788
CREATE TABLE "auth_user_tag_groups"(
    "id" INTEGER PRIMARY KEY AUTOINCREMENT,
    "tagpath" CHAR(512),
    "record_id" INTEGER REFERENCES "auth_user" ("id") ON DELETE CASCADE ON UPDATE CASCADE  
);
success!
timestamp: 2023-05-04T22:38:44.743995
CREATE TABLE "names"(
    "id" INTEGER PRIMARY KEY AUTOINCREMENT,
    "firstname" CHAR(512),
    "lastname" CHAR(512),
    "created_on" TIMESTAMP,
    "created_by" INTEGER REFERENCES "auth_user" ("id") ON DELETE CASCADE ON UPDATE CASCADE  ,
    "modified_on" TIMESTAMP,
    "modified_by" INTEGER REFERENCES "auth_user" ("id") ON DELETE CASCADE ON UPDATE CASCADE  ,
    "is_active" CHAR(1)
);
success!
timestamp: 2023-05-04T22:38:44.750284
CREATE TABLE "numbers"(
    "id" INTEGER PRIMARY KEY AUTOINCREMENT,
    "name_id" INTEGER REFERENCES "names" ("id") ON DELETE CASCADE ON UPDATE CASCADE  ,
    "phone" CHAR(512),
    "kind" CHAR(512),
    "created_on" TIMESTAMP,
    "created_by" INTEGER REFERENCES "auth_user" ("id") ON DELETE CASCADE ON UPDATE CASCADE  ,
    "modified_on" TIMESTAMP,
    "modified_by" INTEGER REFERENCES "auth_user" ("id") ON DELETE CASCADE ON UPDATE CASCADE  ,
    "is_active" CHAR(1)
);
success!
timestamp: 2023-05-04T23:35:32.570501
CREATE TABLE "check_number"(
    "id" INTEGER PRIMARY KEY AUTOINCREMENT,
    "name_id" INTEGER REFERENCES "names" ("id") ON DELETE CASCADE ON UPDATE CASCADE  ,
    "phone" CHAR(512),
    "kind" CHAR(512),
    "created_on" TIMESTAMP,
    "created_by" INTEGER REFERENCES "auth_user" ("id") ON DELETE CASCADE ON UPDATE CASCADE  ,
    "modified_on" TIMESTAMP,
    "modified_by" INTEGER REFERENCES "auth_user" ("id") ON DELETE CASCADE ON UPDATE CASCADE  ,
    "is_active" CHAR(1)
);
success!
timestamp: 2023-05-04T23:38:43.052134
CREATE TABLE "check_names"(
    "id" INTEGER PRIMARY KEY AUTOINCREMENT,
    "firstname" CHAR(512),
    "lastname" CHAR(512),
    "created_on" TIMESTAMP,
    "created_by" INTEGER REFERENCES "auth_user" ("id") ON DELETE CASCADE ON UPDATE CASCADE  ,
    "modified_on" TIMESTAMP,
    "modified_by" INTEGER REFERENCES "auth_user" ("id") ON DELETE CASCADE ON UPDATE CASCADE  ,
    "is_active" CHAR(1)
);
success!
success!
